 #H+ + H- FRAGMENTATION FROM LHAPDF
   
 #Units for cross section (hbar*c)^2=  0.38942957000000000     
 #pb/GeV^2 when (hbar*c)^2 =0.38935D+09 
 #mb/GeV^2 when (hbar*c)^2 =0.38935D0 
 #   cross section    E DSIG/D3P
 #averaged in rapidity from  -0.80000000000000004       to   0.80000000000000004     
   4.0000000000000000        8.0565069579973617E-003   1.5631056383649630E-002
   4.9000000000000004        2.8494895605684846E-003   5.0807853236567359E-003
   6.0000000000000000        9.7817832224815189E-004   1.6315103206335380E-003
   7.4000000000000004        3.1314441832656030E-004   4.9369196450851850E-004
   9.0999999999999996        9.9035971521823198E-005   1.4911551106041560E-004
   11.199999999999999        3.0389463360562017E-005   4.4020174081097643E-005
   13.800000000000001        9.0472138600243415E-006   1.2702171785541993E-005
   16.899999999999999        2.7320879839064030E-006   3.7434991559805074E-006
   20.800000000000001        7.8394977571837251E-007   1.0541381636486395E-006
   25.500000000000000        2.2568994555070582E-007   2.9938437675629477E-007
   31.399999999999999        6.1992006657333419E-008   8.1474264136697059E-008
   38.500000000000000        1.7145385965218779E-008   2.2414826968901027E-008
   47.299999999999997        4.5896941859292386E-009   5.9920464822709659E-009
   58.100000000000001        1.2066230926209843E-009   1.5759348864502464E-009
   71.400000000000006        3.0995049213822855E-010   4.0623079863578442E-010
   87.799999999999997        7.7561190596943785E-011   1.0224587869223099E-010
   107.80000000000000        1.9157126629768550E-011   2.5461545826326718E-011
   132.50000000000000        4.5688231165555677E-012   6.1383241075703436E-012
   162.80000000000001        1.0573622083601187E-012   1.4391403868026188E-012
   200.00000000000000        2.3528387139552685E-013   3.2528953650117800E-013
   
   
