 #H+ + H- FRAGMENTATION FROM LHAPDF
   
 #Units for cross section (hbar*c)^2=  0.38942957000000000     
 #pb/GeV^2 when (hbar*c)^2 =0.38935D+09 
 #mb/GeV^2 when (hbar*c)^2 =0.38935D0 
 #   cross section    E DSIG/D3P
 #averaged in rapidity from  -0.80000000000000004       to   0.80000000000000004     
   4.0000000000000000        6.1459264159694459E-003   1.2597364504214949E-002
   4.9000000000000004        2.2740553265527871E-003   4.2175061105709207E-003
   6.0000000000000000        8.1157638176055573E-004   1.3907499533658398E-003
   7.4000000000000004        2.6943023329182360E-004   4.3178409905390554E-004
   9.0999999999999996        8.7952244564203972E-005   1.3350722887121779E-004
   11.199999999999999        2.7759136117165580E-005   4.0280759367527640E-005
   13.800000000000001        8.4743167595321025E-006   1.1864659901528502E-005
   16.899999999999999        2.6124602208488423E-006   3.5609219136469695E-006
   20.800000000000001        7.6337326153390547E-007   1.0198093165090885E-006
   25.500000000000000        2.2302794325460390E-007   2.9383925027336879E-007
   31.399999999999999        6.1992162443627824E-008   8.0967586061392254E-008
   38.500000000000000        1.7292725881383554E-008   2.2493474236760357E-008
   47.299999999999997        4.6547526097235295E-009   6.0555769104243258E-009
   58.100000000000001        1.2268478919031656E-009   1.5999888688209447E-009
   71.400000000000006        3.1502324135116548E-010   4.1290095920188840E-010
   87.799999999999997        7.8576469010026888E-011   1.0370000782376439E-010
   107.80000000000000        1.9294881274867628E-011   2.5703723449741117E-011
   132.50000000000000        4.5633394596706674E-012   6.1510767482373224E-012
   162.80000000000001        1.0450226686703381E-012   1.4279386685332311E-012
   200.00000000000000        2.2966295830685850E-013   3.1888603826831857E-013
   
   
