 #H+ + H- FRAGMENTATION FROM LHAPDF
   
 #Units for cross section (hbar*c)^2=  0.38942957000000000     
 #pb/GeV^2 when (hbar*c)^2 =0.38935D+09 
 #mb/GeV^2 when (hbar*c)^2 =0.38935D0 
 #   cross section    E DSIG/D3P
 #averaged in rapidity from  -0.80000000000000004       to   0.80000000000000004     
   4.0000000000000000        8.7769577353541354E-003   1.7861973444284644E-002
   4.9000000000000004        3.1721331000126350E-003   5.6738316687631324E-003
   6.0000000000000000        1.0737383762446210E-003   1.7442484758982883E-003
   7.4000000000000004        3.4561099522748370E-004   5.1338129228515727E-004
   9.0999999999999996        1.0922221479646023E-004   1.5084329809820539E-004
   11.199999999999999        3.3307238685149361E-005   4.3407072845520062E-005
   13.800000000000001        9.8020142741233977E-006   1.2220045618274122E-005
   16.899999999999999        2.9112171047688713E-006   3.5198533029961414E-006
   20.800000000000001        8.1762835287709431E-007   9.6885438165207874E-007
   25.500000000000000        2.2948025169514472E-007   2.6906761050037659E-007
   31.399999999999999        6.1155995327599922E-008   7.1559406308211324E-008
   38.500000000000000        1.6367356493991823E-008   1.9242648649854665E-008
   47.299999999999997        4.2276444044118619E-009   5.0199132311239420E-009
   58.100000000000001        1.0699172881926944E-009   1.2881989823210311E-009
   71.400000000000006        2.6399232095159890E-010   3.2326512782225129E-010
   87.799999999999997        6.3416606002718404E-011   7.9154706499806561E-011
   107.80000000000000        1.5040454474024714E-011   1.9157514496776162E-011
   132.50000000000000        3.4482090938223791E-012   4.4856230631004897E-012
   162.80000000000001        7.6841267636653921E-013   1.0213360677723181E-012
   200.00000000000000        1.6498814942834921E-013   2.2416871229242124E-013
   
   
