 #H+ + H- FRAGMENTATION FROM LHAPDF
   
 #Units for cross section (hbar*c)^2=  0.38942957000000000     
 #pb/GeV^2 when (hbar*c)^2 =0.38935D+09 
 #mb/GeV^2 when (hbar*c)^2 =0.38935D0 
 #   cross section    E DSIG/D3P
 #averaged in rapidity from  -0.80000000000000004       to   0.80000000000000004     
   4.0000000000000000        1.1398006410461514E-002   2.1368334386817400E-002
   4.9000000000000004        3.9228400037966023E-003   6.5972432263712950E-003
   6.0000000000000000        1.2743424937871365E-003   1.9785233158354123E-003
   7.4000000000000004        3.9510000775654178E-004   5.6988843013934401E-004
   9.0999999999999996        1.2098200360472484E-004   1.6435326634784724E-004
   11.199999999999999        3.5915228175985584E-005   4.6504261684782453E-005
   13.800000000000001        1.0335194657030900E-005   1.2900519477177871E-005
   16.899999999999999        3.0162791929608519E-006   3.6686869788893097E-006
   20.800000000000001        8.3562293507798057E-007   9.9867187823175490E-007
   25.500000000000000        2.3232475850695288E-007   2.7502104484551031E-007
   31.399999999999999        6.1571816365372848E-008   7.2699566667846790E-008
   38.500000000000000        1.6452564373893037E-008   1.9490740677712079E-008
   47.299999999999997        4.2602439173367641E-009   5.0880845368428539E-009
   58.100000000000001        1.0854554381363375E-009   1.3117985657760254E-009
   71.400000000000006        2.7089685049250850E-010   3.3237253919597156E-010
   87.799999999999997        6.6168989699393093E-011   8.2575044899832619E-011
   107.80000000000000        1.6044683825716644E-011   2.0398911678157602E-011
   132.50000000000000        3.7837577948493830E-012   4.9056804434139080E-012
   162.80000000000001        8.7258094318265522E-013   1.1543484932522648E-012
   200.00000000000000        1.9485526181314881E-013   2.6330671083988293E-013
   
   
