 # Q = 100 GeV 
 #         x          xf         xf-         xf+
0.01  7.5634e+00  1.2804e+00  1.2804e+00  3.1978e+00  5.1577e-01  5.1577e-01  4.8864e+00  8.4271e-01  8.4271e-01  5.2045e+00  7.5974e-01  7.5974e-01  4.8906e+00  3.8101e-01  3.8101e-01  4.8552e+00  2.6323e-01  2.6323e-01
0.0104713  7.4941e+00  1.2534e+00  1.2534e+00  3.1739e+00  5.0265e-01  5.0265e-01  4.8588e+00  8.2845e-01  8.2845e-01  5.1916e+00  7.5199e-01  7.5199e-01  4.8680e+00  3.6397e-01  3.6397e-01  4.8496e+00  2.4884e-01  2.4884e-01
0.0109648  7.4243e+00  1.2282e+00  1.2282e+00  3.1486e+00  4.8955e-01  4.8955e-01  4.8297e+00  8.1432e-01  8.1432e-01  5.1780e+00  7.4380e-01  7.4380e-01  4.8439e+00  3.4710e-01  3.4710e-01  4.8427e+00  2.3487e-01  2.3487e-01
0.0114815  7.3539e+00  1.2044e+00  1.2044e+00  3.1214e+00  4.7641e-01  4.7641e-01  4.7990e+00  8.0026e-01  8.0026e-01  5.1635e+00  7.3488e-01  7.3488e-01  4.8180e+00  3.3040e-01  3.3040e-01  4.8342e+00  2.2133e-01  2.2133e-01
0.0120226  7.2830e+00  1.1818e+00  1.1818e+00  3.0926e+00  4.6324e-01  4.6324e-01  4.7667e+00  7.8624e-01  7.8624e-01  5.1482e+00  7.2533e-01  7.2533e-01  4.7905e+00  3.1396e-01  3.1396e-01  4.8243e+00  2.0825e-01  2.0825e-01
0.0125893  7.2118e+00  1.1602e+00  1.1602e+00  3.0622e+00  4.5005e-01  4.5005e-01  4.7330e+00  7.7223e-01  7.7223e-01  5.1320e+00  7.1520e-01  7.1520e-01  4.7614e+00  2.9789e-01  2.9789e-01  4.8129e+00  1.9563e-01  1.9563e-01
0.0131826  7.1404e+00  1.1392e+00  1.1392e+00  3.0302e+00  4.3685e-01  4.3685e-01  4.6978e+00  7.5818e-01  7.5818e-01  5.1151e+00  7.0451e-01  7.0451e-01  4.7307e+00  2.8220e-01  2.8220e-01  4.8000e+00  1.8349e-01  1.8349e-01
0.0138038  7.0689e+00  1.1188e+00  1.1188e+00  2.9967e+00  4.2364e-01  4.2364e-01  4.6612e+00  7.4401e-01  7.4401e-01  5.0972e+00  6.9329e-01  6.9329e-01  4.6986e+00  2.6689e-01  2.6689e-01  4.7857e+00  1.7183e-01  1.7183e-01
0.0144544  6.9975e+00  1.0989e+00  1.0989e+00  2.9617e+00  4.1045e-01  4.1045e-01  4.6233e+00  7.2967e-01  7.2967e-01  5.0786e+00  6.8155e-01  6.8155e-01  4.6649e+00  2.5196e-01  2.5196e-01  4.7699e+00  1.6065e-01  1.6065e-01
0.0151356  6.9262e+00  1.0792e+00  1.0792e+00  2.9252e+00  3.9728e-01  3.9728e-01  4.5841e+00  7.1507e-01  7.1507e-01  5.0590e+00  6.6928e-01  6.6928e-01  4.6298e+00  2.3737e-01  2.3737e-01  4.7527e+00  1.4994e-01  1.4994e-01
0.0158489  6.8552e+00  1.0598e+00  1.0598e+00  2.8872e+00  3.8413e-01  3.8413e-01  4.5438e+00  7.0015e-01  7.0015e-01  5.0386e+00  6.5649e-01  6.5649e-01  4.5933e+00  2.2307e-01  2.2307e-01  4.7341e+00  1.3971e-01  1.3971e-01
0.0165959  6.7845e+00  1.0406e+00  1.0406e+00  2.8479e+00  3.7104e-01  3.7104e-01  4.5023e+00  6.8481e-01  6.8481e-01  5.0173e+00  6.4311e-01  6.4311e-01  4.5553e+00  2.0907e-01  2.0907e-01  4.7141e+00  1.2994e-01  1.2994e-01
0.017378  6.7144e+00  1.0215e+00  1.0215e+00  2.8072e+00  3.5799e-01  3.5799e-01  4.4597e+00  6.6897e-01  6.6897e-01  4.9951e+00  6.2907e-01  6.2907e-01  4.5159e+00  1.9536e-01  1.9536e-01  4.6927e+00  1.2057e-01  1.2057e-01
0.018197  6.6450e+00  1.0025e+00  1.0025e+00  2.7651e+00  3.4501e-01  3.4501e-01  4.4161e+00  6.5252e-01  6.5252e-01  4.9722e+00  6.1433e-01  6.1433e-01  4.4750e+00  1.8198e-01  1.8198e-01  4.6698e+00  1.1159e-01  1.1159e-01
0.0190546  6.5764e+00  9.8355e-01  9.8355e-01  2.7217e+00  3.3212e-01  3.3212e-01  4.3716e+00  6.3538e-01  6.3538e-01  4.9484e+00  5.9884e-01  5.9884e-01  4.4327e+00  1.6898e-01  1.6898e-01  4.6455e+00  1.0299e-01  1.0299e-01
0.0199526  6.5086e+00  9.6462e-01  9.6462e-01  2.6771e+00  3.1931e-01  3.1931e-01  4.3262e+00  6.1754e-01  6.1754e-01  4.9238e+00  5.8260e-01  5.8260e-01  4.3889e+00  1.5639e-01  1.5639e-01  4.6198e+00  9.4767e-02  9.4767e-02
0.020893  6.4419e+00  9.4566e-01  9.4566e-01  2.6312e+00  3.0659e-01  3.0659e-01  4.2798e+00  5.9899e-01  5.9899e-01  4.8985e+00  5.6565e-01  5.6565e-01  4.3437e+00  1.4425e-01  1.4425e-01  4.5925e+00  8.6948e-02  8.6948e-02
0.0218776  6.3763e+00  9.2663e-01  9.2663e-01  2.5840e+00  2.9400e-01  2.9400e-01  4.2325e+00  5.7994e-01  5.7994e-01  4.8722e+00  5.4819e-01  5.4819e-01  4.2969e+00  1.3265e-01  1.3265e-01  4.5637e+00  7.9539e-02  7.9539e-02
0.0229087  6.3118e+00  9.0753e-01  9.0753e-01  2.5357e+00  2.8152e-01  2.8152e-01  4.1842e+00  5.6048e-01  5.6048e-01  4.8449e+00  5.3033e-01  5.3033e-01  4.2488e+00  1.2160e-01  1.2160e-01  4.5331e+00  7.2585e-02  7.2585e-02
0.0239883  6.2484e+00  8.8836e-01  8.8836e-01  2.4861e+00  2.6916e-01  2.6916e-01  4.1349e+00  5.4072e-01  5.4072e-01  4.8166e+00  5.1217e-01  5.1217e-01  4.1992e+00  1.1116e-01  1.1116e-01  4.5009e+00  6.6167e-02  6.6167e-02
0.0251189  6.1861e+00  8.6911e-01  8.6911e-01  2.4354e+00  2.5694e-01  2.5694e-01  4.0845e+00  5.2075e-01  5.2075e-01  4.7870e+00  4.9384e-01  4.9384e-01  4.1481e+00  1.0138e-01  1.0138e-01  4.4667e+00  6.0418e-02  6.0418e-02
0.0263027  6.1247e+00  8.4979e-01  8.4979e-01  2.3835e+00  2.4487e-01  2.4487e-01  4.0329e+00  5.0068e-01  5.0068e-01  4.7562e+00  4.7539e-01  4.7539e-01  4.0955e+00  9.2304e-02  9.2304e-02  4.4304e+00  5.5385e-02  5.5385e-02
0.0275423  6.0640e+00  8.3038e-01  8.3038e-01  2.3305e+00  2.3293e-01  2.3293e-01  3.9800e+00  4.8063e-01  4.8063e-01  4.7240e+00  4.5687e-01  4.5687e-01  4.0415e+00  8.3958e-02  8.3958e-02  4.3920e+00  5.1089e-02  5.1089e-02
0.0288403  6.0036e+00  8.1090e-01  8.1090e-01  2.2764e+00  2.2115e-01  2.2115e-01  3.9259e+00  4.6074e-01  4.6074e-01  4.6904e+00  4.3835e-01  4.3835e-01  3.9860e+00  7.6384e-02  7.6384e-02  4.3513e+00  4.7487e-02  4.7487e-02
0.0301995  5.9431e+00  7.9131e-01  7.9131e-01  2.2212e+00  2.0951e-01  2.0951e-01  3.8705e+00  4.4101e-01  4.4101e-01  4.6554e+00  4.1987e-01  4.1987e-01  3.9291e+00  6.9607e-02  6.9607e-02  4.3083e+00  4.4461e-02  4.4461e-02
0.0316228  5.8822e+00  7.7159e-01  7.7159e-01  2.1650e+00  1.9804e-01  1.9804e-01  3.8138e+00  4.2149e-01  4.2149e-01  4.6189e+00  4.0145e-01  4.0145e-01  3.8708e+00  6.3643e-02  6.3643e-02  4.2629e+00  4.1870e-02  4.1870e-02
0.0331131  5.8201e+00  7.5143e-01  7.5143e-01  2.1078e+00  1.8674e-01  1.8674e-01  3.7557e+00  4.0234e-01  4.0234e-01  4.5809e+00  3.8312e-01  3.8312e-01  3.8112e+00  5.8498e-02  5.8498e-02  4.2152e+00  3.9619e-02  3.9619e-02
0.0346737  5.7564e+00  7.3071e-01  7.3071e-01  2.0497e+00  1.7562e-01  1.7562e-01  3.6960e+00  3.8362e-01  3.8362e-01  4.5413e+00  3.6490e-01  3.6490e-01  3.7502e+00  5.4154e-02  5.4154e-02  4.1651e+00  3.7625e-02  3.7625e-02
0.0363078  5.6905e+00  7.0926e-01  7.0926e-01  1.9906e+00  1.6472e-01  1.6472e-01  3.6343e+00  3.6526e-01  3.6526e-01  4.5003e+00  3.4681e-01  3.4681e-01  3.6879e+00  5.0561e-02  5.0561e-02  4.1126e+00  3.5821e-02  3.5821e-02
0.0380189  5.6217e+00  6.8708e-01  6.8708e-01  1.9308e+00  1.5406e-01  1.5406e-01  3.5710e+00  3.4718e-01  3.4718e-01  4.4577e+00  3.2887e-01  3.2887e-01  3.6243e+00  4.7645e-02  4.7645e-02  4.0578e+00  3.4182e-02  3.4182e-02
0.0398107  5.5498e+00  6.6423e-01  6.6423e-01  1.8703e+00  1.4368e-01  1.4368e-01  3.5062e+00  3.2934e-01  3.2934e-01  4.4137e+00  3.1110e-01  3.1110e-01  3.5597e+00  4.5310e-02  4.5310e-02  4.0006e+00  3.2660e-02  3.2660e-02
0.0416869  5.4744e+00  6.4074e-01  6.4074e-01  1.8092e+00  1.3359e-01  1.3359e-01  3.4400e+00  3.1175e-01  3.1175e-01  4.3683e+00  2.9353e-01  2.9353e-01  3.4939e+00  4.3449e-02  4.3449e-02  3.9412e+00  3.1209e-02  3.1209e-02
0.0436516  5.3949e+00  6.1672e-01  6.1672e-01  1.7476e+00  1.2386e-01  1.2386e-01  3.3725e+00  2.9445e-01  2.9445e-01  4.3214e+00  2.7633e-01  2.7633e-01  3.4272e+00  4.1974e-02  4.1974e-02  3.8794e+00  2.9814e-02  2.9814e-02
0.0457088  5.3114e+00  5.9219e-01  5.9219e-01  1.6857e+00  1.1450e-01  1.1450e-01  3.3039e+00  2.7747e-01  2.7747e-01  4.2731e+00  2.5954e-01  2.5954e-01  3.3595e+00  4.0801e-02  4.0801e-02  3.8155e+00  2.8448e-02  2.8448e-02
0.047863  5.2238e+00  5.6718e-01  5.6718e-01  1.6235e+00  1.0556e-01  1.0556e-01  3.2343e+00  2.6084e-01  2.6084e-01  4.2233e+00  2.4320e-01  2.4320e-01  3.2911e+00  3.9856e-02  3.9856e-02  3.7494e+00  2.7103e-02  2.7103e-02
0.0501187  5.1321e+00  5.4189e-01  5.4189e-01  1.5612e+00  9.7061e-02  9.7061e-02  3.1637e+00  2.4462e-01  2.4462e-01  4.1721e+00  2.2740e-01  2.2740e-01  3.2219e+00  3.9095e-02  3.9095e-02  3.6811e+00  2.5791e-02  2.5791e-02
0.0524807  5.0364e+00  5.1642e-01  5.1642e-01  1.4989e+00  8.9045e-02  8.9045e-02  3.0924e+00  2.2885e-01  2.2885e-01  4.1195e+00  2.1214e-01  2.1214e-01  3.1521e+00  3.8460e-02  3.8460e-02  3.6108e+00  2.4513e-02  2.4513e-02
0.0549541  4.9369e+00  4.9095e-01  4.9095e-01  1.4367e+00  8.1540e-02  8.1540e-02  3.0204e+00  2.1364e-01  2.1364e-01  4.0655e+00  1.9744e-01  1.9744e-01  3.0817e+00  3.7900e-02  3.7900e-02  3.5384e+00  2.3277e-02  2.3277e-02
0.057544  4.8336e+00  4.6560e-01  4.6560e-01  1.3747e+00  7.4580e-02  7.4580e-02  2.9477e+00  1.9904e-01  1.9904e-01  4.0102e+00  1.8333e-01  1.8333e-01  3.0108e+00  3.7386e-02  3.7386e-02  3.4640e+00  2.2107e-02  2.2107e-02
0.060256  4.7268e+00  4.4042e-01  4.4042e-01  1.3132e+00  6.8192e-02  6.8192e-02  2.8745e+00  1.8510e-01  1.8510e-01  3.9537e+00  1.6984e-01  1.6984e-01  2.9396e+00  3.6885e-02  3.6885e-02  3.3877e+00  2.1027e-02  2.1027e-02
0.0630957  4.6164e+00  4.1545e-01  4.1545e-01  1.2520e+00  6.2403e-02  6.2403e-02  2.8008e+00  1.7188e-01  1.7188e-01  3.8959e+00  1.5701e-01  1.5701e-01  2.8681e+00  3.6380e-02  3.6380e-02  3.3094e+00  2.0064e-02  2.0064e-02
0.0660693  4.5029e+00  3.9079e-01  3.9079e-01  1.1915e+00  5.7244e-02  5.7244e-02  2.7267e+00  1.5938e-01  1.5938e-01  3.8370e+00  1.4487e-01  1.4487e-01  2.7964e+00  3.5871e-02  3.5871e-02  3.2291e+00  1.9253e-02  1.9253e-02
0.0691831  4.3862e+00  3.6648e-01  3.6648e-01  1.1317e+00  5.2733e-02  5.2733e-02  2.6523e+00  1.4758e-01  1.4758e-01  3.7768e+00  1.3347e-01  1.3347e-01  2.7246e+00  3.5362e-02  3.5362e-02  3.1470e+00  1.8624e-02  1.8624e-02
0.0724436  4.2665e+00  3.4261e-01  3.4261e-01  1.0727e+00  4.8883e-02  4.8883e-02  2.5776e+00  1.3646e-01  1.3646e-01  3.7156e+00  1.2282e-01  1.2282e-01  2.6528e+00  3.4864e-02  3.4864e-02  3.0628e+00  1.8200e-02  1.8200e-02
0.0758578  4.1439e+00  3.1924e-01  3.1924e-01  1.0145e+00  4.5694e-02  4.5694e-02  2.5029e+00  1.2601e-01  1.2601e-01  3.6533e+00  1.1299e-01  1.1299e-01  2.5809e+00  3.4392e-02  3.4392e-02  2.9768e+00  1.7994e-02  1.7994e-02
0.0794328  4.0186e+00  2.9644e-01  2.9644e-01  9.5741e-01  4.3146e-02  4.3146e-02  2.4282e+00  1.1623e-01  1.1623e-01  3.5898e+00  1.0405e-01  1.0405e-01  2.5091e+00  3.3959e-02  3.3959e-02  2.8888e+00  1.7995e-02  1.7995e-02
0.0831764  3.8908e+00  2.7429e-01  2.7429e-01  9.0135e-01  4.1194e-02  4.1194e-02  2.3536e+00  1.0714e-01  1.0714e-01  3.5254e+00  9.6057e-02  9.6057e-02  2.4375e+00  3.3581e-02  3.3581e-02  2.7989e+00  1.8172e-02  1.8172e-02
0.0870964  3.7604e+00  2.5296e-01  2.5296e-01  8.4648e-01  3.9773e-02  3.9773e-02  2.2791e+00  9.8757e-02  9.8757e-02  3.4598e+00  8.9030e-02  8.9030e-02  2.3661e+00  3.3260e-02  3.3260e-02  2.7070e+00  1.8488e-02  1.8488e-02
0.0912011  3.6278e+00  2.3263e-01  2.3263e-01  7.9288e-01  3.8795e-02  3.8795e-02  2.2050e+00  9.1109e-02  9.1109e-02  3.3930e+00  8.2984e-02  8.2984e-02  2.2948e+00  3.3006e-02  3.3006e-02  2.6132e+00  1.8900e-02  1.8900e-02
0.0954993  3.4930e+00  2.1354e-01  2.1354e-01  7.4061e-01  3.8158e-02  3.8158e-02  2.1314e+00  8.4225e-02  8.4225e-02  3.3252e+00  7.7906e-02  7.7906e-02  2.2238e+00  3.2826e-02  3.2826e-02  2.5175e+00  1.9381e-02  1.9381e-02
0.1  3.3563e+00  1.9603e-01  1.9603e-01  6.8979e-01  3.7760e-02  3.7760e-02  2.0583e+00  7.8105e-02  7.8105e-02  3.2560e+00  7.3774e-02  7.3774e-02  2.1531e+00  3.2712e-02  3.2712e-02  2.4198e+00  1.9897e-02  1.9897e-02
0.104713  3.2177e+00  1.8043e-01  1.8043e-01  6.4047e-01  3.7500e-02  3.7500e-02  1.9858e+00  7.2863e-02  7.2863e-02  3.1857e+00  7.0499e-02  7.0499e-02  2.0827e+00  3.2649e-02  3.2649e-02  2.3202e+00  2.0442e-02  2.0442e-02
0.109648  3.0776e+00  1.6709e-01  1.6709e-01  5.9271e-01  3.7289e-02  3.7289e-02  1.9141e+00  6.8580e-02  6.8580e-02  3.1141e+00  6.7969e-02  6.7969e-02  2.0126e+00  3.2615e-02  3.2615e-02  2.2188e+00  2.1031e-02  2.1031e-02
0.114815  2.9362e+00  1.5627e-01  1.5627e-01  5.4661e-01  3.7054e-02  3.7054e-02  1.8432e+00  6.5288e-02  6.5288e-02  3.0412e+00  6.6064e-02  6.6064e-02  1.9428e+00  3.2587e-02  3.2587e-02  2.1157e+00  2.1704e-02  2.1704e-02
0.120226  2.7936e+00  1.4810e-01  1.4810e-01  5.0222e-01  3.6737e-02  3.6737e-02  1.7733e+00  6.3011e-02  6.3011e-02  2.9671e+00  6.4653e-02  6.4653e-02  1.8733e+00  3.2538e-02  3.2538e-02  2.0114e+00  2.2502e-02  2.2502e-02
0.125893  2.6501e+00  1.4259e-01  1.4259e-01  4.5959e-01  3.6290e-02  3.6290e-02  1.7045e+00  6.1509e-02  6.1509e-02  2.8917e+00  6.3601e-02  6.3601e-02  1.8040e+00  3.2445e-02  3.2445e-02  1.9060e+00  2.3314e-02  2.3314e-02
0.131826  2.5058e+00  1.3946e-01  1.3946e-01  4.1879e-01  3.5684e-02  3.5684e-02  1.6369e+00  6.0454e-02  6.0454e-02  2.8148e+00  6.2785e-02  6.2785e-02  1.7351e+00  3.2314e-02  3.2314e-02  1.8002e+00  2.4073e-02  2.4073e-02
0.138038  2.3611e+00  1.3860e-01  1.3860e-01  3.7987e-01  3.4894e-02  3.4894e-02  1.5704e+00  5.9638e-02  5.9638e-02  2.7366e+00  6.2093e-02  6.2093e-02  1.6663e+00  3.2165e-02  3.2165e-02  1.6946e+00  2.4487e-02  2.4487e-02
0.144544  2.2162e+00  1.3981e-01  1.3981e-01  3.4286e-01  3.3896e-02  3.3896e-02  1.5049e+00  5.8968e-02  5.8968e-02  2.6570e+00  6.1424e-02  6.1424e-02  1.5978e+00  3.2023e-02  3.2023e-02  1.5897e+00  2.4249e-02  2.4249e-02
0.151356  2.0717e+00  1.4280e-01  1.4280e-01  3.0783e-01  3.2681e-02  3.2681e-02  1.4405e+00  5.8357e-02  5.8357e-02  2.5758e+00  6.0694e-02  6.0694e-02  1.5295e+00  3.1921e-02  3.1921e-02  1.4864e+00  2.3576e-02  2.3576e-02
0.158489  1.9278e+00  1.4690e-01  1.4690e-01  2.7481e-01  3.1246e-02  3.1246e-02  1.3773e+00  5.7735e-02  5.7735e-02  2.4931e+00  5.9830e-02  5.9830e-02  1.4614e+00  3.1852e-02  3.1852e-02  1.3853e+00  2.2433e-02  2.2433e-02
0.165959  1.7850e+00  1.5124e-01  1.5124e-01  2.4381e-01  2.9591e-02  2.9591e-02  1.3154e+00  5.7038e-02  5.7038e-02  2.4088e+00  5.8775e-02  5.8775e-02  1.3935e+00  3.1783e-02  3.1783e-02  1.2869e+00  2.0804e-02  2.0804e-02
0.17378  1.6438e+00  1.5477e-01  1.5477e-01  2.1488e-01  2.7748e-02  2.7748e-02  1.2547e+00  5.6038e-02  5.6038e-02  2.3228e+00  5.7458e-02  5.7458e-02  1.3257e+00  3.1518e-02  3.1518e-02  1.1919e+00  1.9412e-02  1.9412e-02
0.18197  1.5048e+00  1.5680e-01  1.5680e-01  1.8801e-01  2.5751e-02  2.5751e-02  1.1954e+00  5.4643e-02  5.4643e-02  2.2352e+00  5.5854e-02  5.5854e-02  1.2579e+00  3.0907e-02  3.0907e-02  1.1006e+00  1.8407e-02  1.8407e-02
0.190546  1.3684e+00  1.5690e-01  1.5690e-01  1.6322e-01  2.3636e-02  2.3636e-02  1.1376e+00  5.2787e-02  5.2787e-02  2.1459e+00  5.3946e-02  5.3946e-02  1.1901e+00  2.9813e-02  2.9813e-02  1.0133e+00  1.7890e-02  1.7890e-02
0.199526  1.2352e+00  1.5483e-01  1.5483e-01  1.4050e-01  2.1460e-02  2.1460e-02  1.0812e+00  5.0476e-02  5.0476e-02  2.0548e+00  5.1691e-02  5.1691e-02  1.1220e+00  2.7767e-02  2.7767e-02  9.3060e-01  1.7354e-02  1.7354e-02
0.20893  1.1058e+00  1.5058e-01  1.5058e-01  1.1985e-01  1.9273e-02  1.9273e-02  1.0263e+00  4.7878e-02  4.7878e-02  1.9621e+00  4.9137e-02  4.9137e-02  1.0539e+00  2.5386e-02  2.5386e-02  8.5243e-01  1.6548e-02  1.6548e-02
0.218776  9.8082e-01  1.4420e-01  1.4420e-01  1.0124e-01  1.7116e-02  1.7116e-02  9.7286e-01  4.5170e-02  4.5170e-02  1.8677e+00  4.6318e-02  4.6318e-02  9.8591e-01  2.3209e-02  2.3209e-02  7.7878e-01  1.5396e-02  1.5396e-02
0.229087  8.6131e-01  1.3577e-01  1.3577e-01  8.4651e-02  1.5051e-02  1.5051e-02  9.2103e-01  4.2613e-02  4.2613e-02  1.7719e+00  4.3279e-02  4.3279e-02  9.1819e-01  2.1518e-02  2.1518e-02  7.0959e-01  1.3994e-02  1.3994e-02
0.239883  7.4813e-01  1.2555e-01  1.2555e-01  7.0017e-02  1.3129e-02  1.3129e-02  8.7088e-01  4.0399e-02  4.0399e-02  1.6746e+00  4.0182e-02  4.0182e-02  8.5117e-01  2.0476e-02  2.0476e-02  6.4474e-01  1.2554e-02  1.2554e-02
0.251189  6.4201e-01  1.1385e-01  1.1385e-01  5.7291e-02  1.1379e-02  1.1379e-02  8.2248e-01  3.8626e-02  3.8626e-02  1.5759e+00  3.7200e-02  3.7200e-02  7.8515e-01  1.9935e-02  1.9935e-02  5.8413e-01  1.1259e-02  1.1259e-02
0.263027  5.4426e-01  1.0147e-01  1.0147e-01  4.6367e-02  9.8403e-03  9.8403e-03  7.7583e-01  3.7371e-02  3.7371e-02  1.4762e+00  3.4664e-02  3.4664e-02  7.2049e-01  1.9669e-02  1.9669e-02  5.2760e-01  1.0299e-02  1.0299e-02
0.275423  4.5574e-01  8.8965e-02  8.8965e-02  3.7139e-02  8.5168e-03  8.5168e-03  7.3100e-01  3.6649e-02  3.6649e-02  1.3761e+00  3.2939e-02  3.2939e-02  6.5762e-01  1.9416e-02  1.9416e-02  4.7505e-01  9.8071e-03  9.8071e-03
0.288403  3.7681e-01  7.6750e-02  7.6750e-02  2.9476e-02  7.3782e-03  7.3782e-03  6.8794e-01  3.6342e-02  3.6342e-02  1.2761e+00  3.2216e-02  3.2216e-02  5.9677e-01  1.8909e-02  1.8909e-02  4.2628e-01  9.6257e-03  9.6257e-03
0.301995  3.0797e-01  6.5803e-02  6.5803e-02  2.3166e-02  6.4064e-03  6.4064e-03  6.4645e-01  3.6332e-02  3.6332e-02  1.1767e+00  3.2233e-02  3.2233e-02  5.3822e-01  1.8001e-02  1.8001e-02  3.8118e-01  9.4358e-03  9.4358e-03
0.316228  2.4924e-01  5.6321e-02  5.6321e-02  1.8087e-02  5.5483e-03  5.5483e-03  6.0646e-01  3.6565e-02  3.6565e-02  1.0790e+00  3.2314e-02  3.2314e-02  4.8245e-01  1.6808e-02  1.6808e-02  3.3952e-01  9.0768e-03  9.0768e-03
0.331131  2.0037e-01  4.8116e-02  4.8116e-02  1.4056e-02  4.7761e-03  4.7761e-03  5.6783e-01  3.6917e-02  3.6917e-02  9.8380e-01  3.2116e-02  3.2116e-02  4.2976e-01  1.5495e-02  1.5495e-02  3.0104e-01  8.5934e-03  8.5934e-03
0.346737  1.6033e-01  4.1007e-02  4.1007e-02  1.0880e-02  4.0815e-03  4.0815e-03  5.3044e-01  3.7286e-02  3.7286e-02  8.9165e-01  3.1704e-02  3.1704e-02  3.8026e-01  1.4566e-02  1.4566e-02  2.6548e-01  8.0710e-03  8.0710e-03
0.363078  1.2787e-01  3.5104e-02  3.5104e-02  8.3979e-03  3.4553e-03  3.4553e-03  4.9424e-01  3.7546e-02  3.7546e-02  8.0338e-01  3.1156e-02  3.1156e-02  3.3417e-01  1.4331e-02  1.4331e-02  2.3263e-01  7.5472e-03  7.5472e-03
0.380189  1.0188e-01  3.0083e-02  3.0083e-02  6.4699e-03  2.8907e-03  2.8907e-03  4.5929e-01  3.7446e-02  3.7446e-02  7.1963e-01  3.0567e-02  3.0567e-02  2.9175e-01  1.4599e-02  1.4599e-02  2.0233e-01  7.0416e-03  7.0416e-03
0.398107  8.1203e-02  2.5551e-02  2.5551e-02  4.9734e-03  2.3900e-03  2.3900e-03  4.2545e-01  3.6946e-02  3.6946e-02  6.4079e-01  2.9909e-02  2.9909e-02  2.5304e-01  1.4915e-02  1.4915e-02  1.7444e-01  6.5491e-03  6.5491e-03
0.416869  6.4713e-02  2.1450e-02  2.1450e-02  3.8102e-03  1.9558e-03  1.9558e-03  3.9253e-01  3.6122e-02  3.6122e-02  5.6709e-01  2.9180e-02  2.9180e-02  2.1794e-01  1.4892e-02  1.4892e-02  1.4886e-01  6.0483e-03  6.0483e-03
0.436516  5.1519e-02  1.7800e-02  1.7800e-02  2.9086e-03  1.5859e-03  1.5859e-03  3.6042e-01  3.5032e-02  3.5032e-02  4.9867e-01  2.8244e-02  2.8244e-02  1.8626e-01  1.4427e-02  1.4427e-02  1.2551e-01  5.5482e-03  5.5482e-03
0.457088  4.0896e-02  1.4639e-02  1.4639e-02  2.2091e-03  1.2755e-03  1.2755e-03  3.2910e-01  3.3733e-02  3.3733e-02  4.3538e-01  2.7126e-02  2.7126e-02  1.5771e-01  1.3642e-02  1.3642e-02  1.0433e-01  5.1318e-03  5.1318e-03
0.47863  3.2328e-02  1.1954e-02  1.1954e-02  1.6680e-03  1.0178e-03  1.0178e-03  2.9857e-01  3.2259e-02  3.2259e-02  3.7706e-01  2.5943e-02  2.5943e-02  1.3209e-01  1.2713e-02  1.2713e-02  8.5281e-02  4.9150e-03  4.9150e-03
0.501187  2.5416e-02  9.7011e-03  9.7011e-03  1.2509e-03  8.0558e-04  8.0558e-04  2.6885e-01  3.0742e-02  3.0742e-02  3.2360e-01  2.4757e-02  2.4757e-02  1.0924e-01  1.1838e-02  1.1838e-02  6.8358e-02  4.9401e-03  4.9401e-03
0.524807  1.9852e-02  7.8243e-03  7.8243e-03  9.3094e-04  6.3212e-04  6.3212e-04  2.4001e-01  2.9333e-02  2.9333e-02  2.7487e-01  2.3641e-02  2.3641e-02  8.9071e-02  1.1230e-02  1.1230e-02  5.3625e-02  5.0887e-03  5.0887e-03
0.549541  1.5384e-02  6.2679e-03  6.2679e-03  6.8641e-04  4.9140e-04  4.9140e-04  2.1229e-01  2.7786e-02  2.7786e-02  2.3078e-01  2.2511e-02  2.2511e-02  7.1487e-02  1.0888e-02  1.0888e-02  4.1165e-02  5.1399e-03  5.1399e-03
0.57544  1.1812e-02  4.9861e-03  4.9861e-03  5.0061e-04  3.7805e-04  3.7805e-04  1.8584e-01  2.5754e-02  2.5754e-02  1.9119e-01  2.1239e-02  2.1239e-02  5.6391e-02  1.0683e-02  1.0683e-02  3.0930e-02  4.9665e-03  4.9665e-03
0.60256  8.9681e-03  3.9422e-03  3.9422e-03  3.6009e-04  2.8713e-04  2.8713e-04  1.6066e-01  2.3351e-02  2.3351e-02  1.5591e-01  1.9777e-02  1.9777e-02  4.3680e-02  1.0419e-02  1.0419e-02  2.2737e-02  4.5977e-03  4.5977e-03
0.630957  6.7127e-03  3.1006e-03  3.1006e-03  2.5423e-04  2.1424e-04  2.1424e-04  1.3677e-01  2.0746e-02  2.0746e-02  1.2479e-01  1.8014e-02  1.8014e-02  3.3241e-02  9.8730e-03  9.8730e-03  1.6351e-02  4.0543e-03  4.0543e-03
0.660693  4.9307e-03  2.4209e-03  2.4209e-03  1.7504e-04  1.5586e-04  1.5586e-04  1.1423e-01  1.8117e-02  1.8117e-02  9.7607e-02  1.5973e-02  1.5973e-02  2.4830e-02  8.9781e-03  8.9781e-03  1.1471e-02  3.4183e-03  3.4183e-03
0.691831  3.5296e-03  1.8608e-03  1.8608e-03  1.1642e-04  1.0931e-04  1.0931e-04  9.3144e-02  1.5612e-02  1.5612e-02  7.4036e-02  1.3751e-02  1.3751e-02  1.8141e-02  7.8283e-03  7.8283e-03  7.8331e-03  2.7313e-03  2.7313e-03
0.724436  2.4374e-03  1.3876e-03  1.3876e-03  7.3738e-05  7.2925e-05  7.2925e-05  7.3657e-02  1.3238e-02  1.3238e-02  5.3950e-02  1.1478e-02  1.1478e-02  1.2888e-02  6.5538e-03  6.5538e-03  5.1768e-03  2.0630e-03  2.0630e-03
0.758578  1.5984e-03  9.8473e-04  9.8473e-04  4.3577e-05  4.5550e-05  4.5550e-05  5.5959e-02  1.0949e-02  1.0949e-02  3.7202e-02  9.2744e-03  9.2744e-03  8.8337e-03  5.2568e-03  5.2568e-03  3.2857e-03  1.4689e-03  1.4689e-03
0.794328  9.7237e-04  6.5131e-04  6.5131e-04  2.3332e-05  2.6111e-05  2.6111e-05  4.0238e-02  8.7816e-03  8.7816e-03  2.3758e-02  7.2934e-03  7.2934e-03  5.7664e-03  4.0115e-03  4.0115e-03  1.9834e-03  9.9220e-04  9.9220e-04
0.831764  5.2893e-04  3.9455e-04  3.9455e-04  1.0784e-05  1.3250e-05  1.3250e-05  2.6707e-02  6.8459e-03  6.8459e-03  1.3790e-02  5.3060e-03  5.3060e-03  3.5038e-03  2.8907e-03  2.8907e-03  1.1178e-03  6.6189e-04  6.6189e-04
0.870964  2.4177e-04  2.0982e-04  2.0982e-04  4.0028e-06  5.4569e-06  5.4569e-06  1.5620e-02  5.2374e-03  5.2374e-03  7.2366e-03  3.2398e-03  3.2398e-03  1.8926e-03  1.9491e-03  1.9491e-03  5.7023e-04  4.8227e-04  4.8227e-04
0.912011  7.9647e-05  8.2543e-05  8.2543e-05  9.3981e-07  1.4522e-06  1.4522e-06  7.2222e-03  3.7739e-03  3.7739e-03  3.1069e-03  2.7015e-03  2.7015e-03  7.9780e-04  1.0965e-03  1.0965e-03  2.3767e-04  3.4280e-04  3.4280e-04
0.954993  1.1338e-05  1.4318e-05  1.4318e-05  9.4352e-08  1.3148e-07  1.3148e-07  1.7628e-03  1.5162e-03  1.5162e-03  6.4240e-04  7.2382e-04  7.2382e-04  1.7168e-04  3.1501e-04  3.1501e-04  5.1963e-05  1.1110e-04  1.1110e-04
1 -3.2034e-23  2.8252e-22  2.8252e-22  5.7429e-25  4.1044e-24  4.1044e-24 -2.2501e-21  4.6334e-20  4.6334e-20 -4.9253e-22  1.9413e-20  1.9413e-20  8.4558e-23  7.1421e-21  7.1421e-21  1.7221e-22  1.1620e-21  1.1620e-21

