 # Q = 100 GeV 
 #         x          xf         xf-         xf+
0.01  6.5964e+00  1.4076e-01  1.8606e-01  3.2510e+00  8.8578e-02  1.4244e-01  3.2034e+00  6.6849e-02  9.8128e-02  3.5855e+00  3.1539e-01  3.9837e-01  6.5847e+00  2.2910e+00  3.1839e+00  9.5394e+00  3.3608e+00  4.6950e+00
0.0104713  6.5313e+00  1.3823e-01  1.8053e-01  3.2378e+00  8.9318e-02  1.4227e-01  3.1883e+00  6.6006e-02  9.6591e-02  3.5775e+00  3.1624e-01  3.9709e-01  6.4833e+00  2.1956e+00  3.0102e+00  9.4055e+00  3.2155e+00  4.4551e+00
0.0109648  6.4643e+00  1.3566e-01  1.7514e-01  3.2236e+00  9.0133e-02  1.4217e-01  3.1723e+00  6.5146e-02  9.5098e-02  3.5687e+00  3.1686e-01  3.9559e-01  6.3819e+00  2.1028e+00  2.8451e+00  9.2696e+00  3.0734e+00  4.2238e+00
0.0114815  6.3956e+00  1.3295e-01  1.6991e-01  3.2086e+00  9.1034e-02  1.4211e-01  3.1555e+00  6.4275e-02  9.3607e-02  3.5591e+00  3.1733e-01  3.9382e-01  6.2805e+00  2.0127e+00  2.6874e+00  9.1318e+00  2.9345e+00  4.0005e+00
0.0120226  6.3251e+00  1.3013e-01  1.6479e-01  3.1927e+00  9.2016e-02  1.4213e-01  3.1377e+00  6.3401e-02  9.2110e-02  3.5488e+00  3.1763e-01  3.9181e-01  6.1792e+00  1.9251e+00  2.5371e+00  8.9922e+00  2.7988e+00  3.7852e+00
0.0125893  6.2529e+00  1.2728e-01  1.5968e-01  3.1761e+00  9.3066e-02  1.4230e-01  3.1192e+00  6.2552e-02  9.0604e-02  3.5379e+00  3.1769e-01  3.8961e-01  6.0780e+00  1.8397e+00  2.3933e+00  8.8510e+00  2.6662e+00  3.5772e+00
0.0131826  6.1790e+00  1.2439e-01  1.5455e-01  3.1586e+00  9.4176e-02  1.4251e-01  3.0999e+00  6.1720e-02  8.9076e-02  3.5262e+00  3.1746e-01  3.8721e-01  5.9768e+00  1.7569e+00  2.2568e+00  8.7080e+00  2.5370e+00  3.3772e+00
0.0138038  6.1032e+00  1.2139e-01  1.4948e-01  3.1403e+00  9.5321e-02  1.4276e-01  3.0798e+00  6.0886e-02  8.7549e-02  3.5140e+00  3.1700e-01  3.8454e-01  5.8758e+00  1.6766e+00  2.1267e+00  8.5635e+00  2.4112e+00  3.1850e+00
0.0144544  6.0257e+00  1.1825e-01  1.4451e-01  3.1213e+00  9.6486e-02  1.4306e-01  3.0589e+00  6.0038e-02  8.6035e-02  3.5012e+00  3.1635e-01  3.8160e-01  5.7750e+00  1.5985e+00  2.0028e+00  8.4175e+00  2.2886e+00  3.0002e+00
0.0151356  5.9465e+00  1.1504e-01  1.3960e-01  3.1016e+00  9.7687e-02  1.4341e-01  3.0373e+00  5.9198e-02  8.4528e-02  3.4879e+00  3.1548e-01  3.7842e-01  5.6744e+00  1.5227e+00  1.8846e+00  8.2701e+00  2.1693e+00  2.8224e+00
0.0158489  5.8655e+00  1.1182e-01  1.3466e-01  3.0811e+00  9.8943e-02  1.4374e-01  3.0150e+00  5.8369e-02  8.3024e-02  3.4741e+00  3.1437e-01  3.7499e-01  5.5740e+00  1.4492e+00  1.7720e+00  8.1214e+00  2.0534e+00  2.6518e+00
0.0165959  5.7827e+00  1.0853e-01  1.2977e-01  3.0599e+00  1.0022e-01  1.4407e-01  2.9920e+00  5.7548e-02  8.1520e-02  3.4597e+00  3.1299e-01  3.7131e-01  5.4738e+00  1.3779e+00  1.6651e+00  7.9715e+00  1.9411e+00  2.4885e+00
0.017378  5.6981e+00  1.0514e-01  1.2499e-01  3.0380e+00  1.0147e-01  1.4445e-01  2.9683e+00  5.6744e-02  8.0148e-02  3.4449e+00  3.1130e-01  3.6744e-01  5.3740e+00  1.3089e+00  1.5633e+00  7.8204e+00  1.8322e+00  2.3321e+00
0.018197  5.6118e+00  1.0170e-01  1.2031e-01  3.0154e+00  1.0272e-01  1.4486e-01  2.9440e+00  5.5967e-02  7.8774e-02  3.4297e+00  3.0935e-01  3.6335e-01  5.2745e+00  1.2419e+00  1.4664e+00  7.6682e+00  1.7267e+00  2.1823e+00
0.0190546  5.5237e+00  9.8251e-02  1.1567e-01  2.9921e+00  1.0399e-01  1.4526e-01  2.9190e+00  5.5251e-02  7.7400e-02  3.4141e+00  3.0722e-01  3.5896e-01  5.1753e+00  1.1770e+00  1.3742e+00  7.5151e+00  1.6246e+00  2.0390e+00
0.0199526  5.4337e+00  9.4791e-02  1.1112e-01  2.9680e+00  1.0526e-01  1.4564e-01  2.8933e+00  5.4569e-02  7.6017e-02  3.3980e+00  3.0485e-01  3.5429e-01  5.0765e+00  1.1143e+00  1.2867e+00  7.3612e+00  1.5261e+00  1.9029e+00
0.020893  5.3420e+00  9.1325e-02  1.0670e-01  2.9433e+00  1.0654e-01  1.4596e-01  2.8670e+00  5.3842e-02  7.4707e-02  3.3815e+00  3.0217e-01  3.4943e-01  4.9782e+00  1.0537e+00  1.2037e+00  7.2064e+00  1.4312e+00  1.7734e+00
0.0218776  5.2485e+00  8.7877e-02  1.0241e-01  2.9178e+00  1.0782e-01  1.4626e-01  2.8400e+00  5.3134e-02  7.3420e-02  3.3647e+00  2.9921e-01  3.4436e-01  4.8804e+00  9.9503e-01  1.1247e+00  7.0510e+00  1.3397e+00  1.6499e+00
0.0229087  5.1533e+00  8.4499e-02  9.8219e-02  2.8917e+00  1.0904e-01  1.4658e-01  2.8125e+00  5.2550e-02  7.2054e-02  3.3475e+00  2.9599e-01  3.3908e-01  4.7831e+00  9.3835e-01  1.0497e+00  6.8951e+00  1.2517e+00  1.5323e+00
0.0239883  5.0562e+00  8.1189e-02  9.4156e-02  2.8648e+00  1.1022e-01  1.4686e-01  2.7843e+00  5.2033e-02  7.0671e-02  3.3298e+00  2.9252e-01  3.3355e-01  4.6863e+00  8.8372e-01  9.7869e-01  6.7386e+00  1.1673e+00  1.4207e+00
0.0251189  4.9574e+00  7.7951e-02  9.0260e-02  2.8372e+00  1.1140e-01  1.4707e-01  2.7554e+00  5.1527e-02  6.9363e-02  3.3118e+00  2.8887e-01  3.2774e-01  4.5901e+00  8.3102e-01  9.1139e-01  6.5817e+00  1.0864e+00  1.3148e+00
0.0263027  4.8570e+00  7.4804e-02  8.6522e-02  2.8088e+00  1.1253e-01  1.4721e-01  2.7259e+00  5.1063e-02  6.8108e-02  3.2934e+00  2.8499e-01  3.2173e-01  4.4945e+00  7.8020e-01  8.4753e-01  6.4247e+00  1.0088e+00  1.2143e+00
0.0275423  4.7549e+00  7.1753e-02  8.2941e-02  2.7797e+00  1.1360e-01  1.4731e-01  2.6958e+00  5.0648e-02  6.6870e-02  3.2745e+00  2.8080e-01  3.1558e-01  4.3995e+00  7.3134e-01  7.8709e-01  6.2674e+00  9.3480e-01  1.1192e+00
0.0288403  4.6513e+00  6.8833e-02  7.9523e-02  2.7498e+00  1.1462e-01  1.4733e-01  2.6650e+00  5.0269e-02  6.5671e-02  3.2552e+00  2.7636e-01  3.0925e-01  4.3052e+00  6.8436e-01  7.2997e-01  6.1101e+00  8.6431e-01  1.0294e+00
0.0301995  4.5461e+00  6.6060e-02  7.6245e-02  2.7192e+00  1.1557e-01  1.4727e-01  2.6336e+00  4.9922e-02  6.4516e-02  3.2354e+00  2.7168e-01  3.0274e-01  4.2117e+00  6.3918e-01  6.7602e-01  5.9528e+00  7.9723e-01  9.4464e-01
0.0316228  4.4395e+00  6.3405e-02  7.3189e-02  2.6878e+00  1.1642e-01  1.4716e-01  2.6016e+00  4.9616e-02  6.3381e-02  3.2152e+00  2.6686e-01  2.9601e-01  4.1188e+00  5.9582e-01  6.2496e-01  5.7957e+00  7.3344e-01  8.6472e-01
0.0331131  4.3315e+00  6.0871e-02  7.0328e-02  2.6556e+00  1.1715e-01  1.4697e-01  2.5689e+00  4.9331e-02  6.2261e-02  3.1944e+00  2.6188e-01  2.8906e-01  4.0268e+00  5.5436e-01  5.7688e-01  5.6388e+00  6.7309e-01  7.8976e-01
0.0346737  4.2222e+00  5.8493e-02  6.7607e-02  2.6226e+00  1.1781e-01  1.4664e-01  2.5356e+00  4.9063e-02  6.1179e-02  3.1730e+00  2.5662e-01  2.8206e-01  3.9356e+00  5.1471e-01  5.3152e-01  5.4824e+00  6.1607e-01  7.1936e-01
0.0363078  4.1119e+00  5.6252e-02  6.5045e-02  2.5887e+00  1.1837e-01  1.4621e-01  2.5016e+00  4.8773e-02  6.0137e-02  3.1511e+00  2.5117e-01  2.7496e-01  3.8452e+00  4.7678e-01  4.8877e-01  5.3264e+00  5.6220e-01  6.5330e-01
0.0380189  4.0005e+00  5.4150e-02  6.2642e-02  2.5541e+00  1.1878e-01  1.4570e-01  2.4670e+00  4.8418e-02  5.9180e-02  3.1285e+00  2.4554e-01  2.6772e-01  3.7557e+00  4.4061e-01  4.4866e-01  5.1710e+00  5.1156e-01  5.9163e-01
0.0398107  3.8882e+00  5.2226e-02  6.0363e-02  2.5186e+00  1.1906e-01  1.4507e-01  2.4317e+00  4.8022e-02  5.8388e-02  3.1051e+00  2.3978e-01  2.6036e-01  3.6670e+00  4.0619e-01  4.1101e-01  5.0164e+00  4.6402e-01  5.3419e-01
0.0416869  3.7752e+00  5.0444e-02  5.8205e-02  2.4823e+00  1.1920e-01  1.4431e-01  2.3957e+00  4.7593e-02  5.7717e-02  3.0810e+00  2.3390e-01  2.5291e-01  3.5792e+00  3.7347e-01  3.7570e-01  4.8626e+00  4.1943e-01  4.8075e-01
0.0436516  3.6616e+00  4.8696e-02  5.6280e-02  2.4451e+00  1.1921e-01  1.4342e-01  2.3591e+00  4.7168e-02  5.6967e-02  3.0561e+00  2.2787e-01  2.4540e-01  3.4924e+00  3.4249e-01  3.4259e-01  4.7097e+00  3.7784e-01  4.3109e-01
0.0457088  3.5476e+00  4.7039e-02  5.4515e-02  2.4071e+00  1.1905e-01  1.4244e-01  2.3219e+00  4.6678e-02  5.6225e-02  3.0302e+00  2.2171e-01  2.3786e-01  3.4064e+00  3.1318e-01  3.1172e-01  4.5579e+00  3.3915e-01  3.8519e-01
0.047863  3.4334e+00  4.5496e-02  5.2868e-02  2.3682e+00  1.1872e-01  1.4136e-01  2.2840e+00  4.6118e-02  5.5507e-02  3.0034e+00  2.1544e-01  2.3032e-01  3.3214e+00  2.8546e-01  2.8300e-01  4.4072e+00  3.0322e-01  3.4285e-01
0.0501187  3.3191e+00  4.4140e-02  5.1205e-02  2.3285e+00  1.1824e-01  1.4013e-01  2.2456e+00  4.5547e-02  5.4751e-02  2.9756e+00  2.0913e-01  2.2273e-01  3.2374e+00  2.5945e-01  2.5621e-01  4.2577e+00  2.6992e-01  3.0394e-01
0.0524807  3.2050e+00  4.2874e-02  4.9658e-02  2.2880e+00  1.1761e-01  1.3873e-01  2.2064e+00  4.4989e-02  5.3907e-02  2.9465e+00  2.0277e-01  2.1513e-01  3.1543e+00  2.3507e-01  2.3140e-01  4.1097e+00  2.3929e-01  2.6832e-01
0.0549541  3.0912e+00  4.1645e-02  4.8282e-02  2.2467e+00  1.1685e-01  1.3717e-01  2.1667e+00  4.4450e-02  5.2969e-02  2.9163e+00  1.9638e-01  2.0756e-01  3.0721e+00  2.1224e-01  2.0851e-01  3.9632e+00  2.1120e-01  2.3577e-01
0.057544  2.9779e+00  4.0467e-02  4.7013e-02  2.2045e+00  1.1589e-01  1.3552e-01  2.1264e+00  4.3823e-02  5.2087e-02  2.8848e+00  1.8993e-01  2.0011e-01  2.9908e+00  1.9099e-01  1.8742e-01  3.8182e+00  1.8553e-01  2.0618e-01
0.060256  2.8653e+00  3.9394e-02  4.5814e-02  2.1615e+00  1.1479e-01  1.3370e-01  2.0855e+00  4.3175e-02  5.1145e-02  2.8518e+00  1.8345e-01  1.9275e-01  2.9105e+00  1.7137e-01  1.6805e-01  3.6749e+00  1.6227e-01  1.7944e-01
0.0630957  2.7536e+00  3.8428e-02  4.4672e-02  2.1177e+00  1.1357e-01  1.3173e-01  2.0441e+00  4.2528e-02  5.0118e-02  2.8175e+00  1.7697e-01  1.8548e-01  2.8311e+00  1.5329e-01  1.5031e-01  3.5334e+00  1.4127e-01  1.5537e-01
0.0660693  2.6430e+00  3.7493e-02  4.3649e-02  2.0732e+00  1.1214e-01  1.2968e-01  2.0021e+00  4.1896e-02  4.9016e-02  2.7815e+00  1.7055e-01  1.7831e-01  2.7526e+00  1.3669e-01  1.3430e-01  3.3938e+00  1.2242e-01  1.3390e-01
0.0691831  2.5337e+00  3.6695e-02  4.2646e-02  2.0279e+00  1.1058e-01  1.2750e-01  1.9596e+00  4.1201e-02  4.7901e-02  2.7438e+00  1.6421e-01  1.7127e-01  2.6750e+00  1.2168e-01  1.1984e-01  3.2562e+00  1.0564e-01  1.1491e-01
0.0724436  2.4258e+00  3.5974e-02  4.1701e-02  1.9819e+00  1.0889e-01  1.2518e-01  1.9166e+00  4.0462e-02  4.6764e-02  2.7045e+00  1.5795e-01  1.6439e-01  2.5983e+00  1.0815e-01  1.0687e-01  3.1206e+00  9.0833e-02  9.8227e-02
0.0758578  2.3195e+00  3.5260e-02  4.0855e-02  1.9353e+00  1.0707e-01  1.2275e-01  1.8732e+00  3.9696e-02  4.5585e-02  2.6633e+00  1.5177e-01  1.5769e-01  2.5224e+00  9.6062e-02  9.5438e-02  2.9872e+00  7.8019e-02  8.3780e-02
0.0794328  2.2150e+00  3.4564e-02  4.0099e-02  1.8879e+00  1.0515e-01  1.2017e-01  1.8294e+00  3.8894e-02  4.4394e-02  2.6202e+00  1.4573e-01  1.5118e-01  2.4472e+00  8.5473e-02  8.5399e-02  2.8560e+00  6.7092e-02  7.1353e-02
0.0831764  2.1123e+00  3.3971e-02  3.9320e-02  1.8400e+00  1.0308e-01  1.1752e-01  1.7852e+00  3.8090e-02  4.3165e-02  2.5752e+00  1.3986e-01  1.4486e-01  2.3729e+00  7.6285e-02  7.6733e-02  2.7272e+00  5.7841e-02  6.0973e-02
0.0870964  2.0117e+00  3.3392e-02  3.8584e-02  1.7915e+00  1.0090e-01  1.1478e-01  1.7406e+00  3.7273e-02  4.1909e-02  2.5281e+00  1.3415e-01  1.3876e-01  2.2993e+00  6.8487e-02  6.9364e-02  2.6007e+00  5.0236e-02  5.2537e-02
0.0912011  1.9131e+00  3.2776e-02  3.7903e-02  1.7425e+00  9.8619e-02  1.1194e-01  1.6958e+00  3.6430e-02  4.0643e-02  2.4789e+00  1.2863e-01  1.3290e-01  2.2264e+00  6.1997e-02  6.3186e-02  2.4767e+00  4.4174e-02  4.5840e-02
0.0954993  1.8167e+00  3.2241e-02  3.7131e-02  1.6931e+00  9.6260e-02  1.0903e-01  1.6507e+00  3.5557e-02  3.9397e-02  2.4276e+00  1.2337e-01  1.2722e-01  2.1541e+00  5.6689e-02  5.8155e-02  2.3552e+00  3.9493e-02  4.0729e-02
0.1  1.7226e+00  3.1647e-02  3.6369e-02  1.6432e+00  9.3794e-02  1.0607e-01  1.6054e+00  3.4692e-02  3.8119e-02  2.3742e+00  1.1824e-01  1.2188e-01  2.0825e+00  5.2530e-02  5.4017e-02  2.2363e+00  3.6017e-02  3.6940e-02
0.104713  1.6308e+00  3.1033e-02  3.5563e-02  1.5930e+00  9.1230e-02  1.0307e-01  1.5600e+00  3.3787e-02  3.6918e-02  2.3186e+00  1.1339e-01  1.1676e-01  2.0115e+00  4.9254e-02  5.0759e-02  2.1201e+00  3.3521e-02  3.4212e-02
0.109648  1.5413e+00  3.0363e-02  3.4715e-02  1.5425e+00  8.8637e-02  1.0000e-01  1.5144e+00  3.2855e-02  3.5744e-02  2.2608e+00  1.0878e-01  1.1190e-01  1.9411e+00  4.6716e-02  4.8193e-02  2.0066e+00  3.1712e-02  3.2306e-02
0.114815  1.4541e+00  2.9637e-02  3.3803e-02  1.4918e+00  8.6017e-02  9.6875e-02  1.4689e+00  3.1913e-02  3.4593e-02  2.2009e+00  1.0441e-01  1.0730e-01  1.8712e+00  4.4736e-02  4.6158e-02  1.8958e+00  3.0368e-02  3.0940e-02
0.120226  1.3693e+00  2.8889e-02  3.2785e-02  1.4409e+00  8.3308e-02  9.3743e-02  1.4233e+00  3.0959e-02  3.3475e-02  2.1389e+00  1.0030e-01  1.0292e-01  1.8018e+00  4.3137e-02  4.4534e-02  1.7879e+00  2.9298e-02  2.9888e-02
0.125893  1.2868e+00  2.8059e-02  3.1731e-02  1.3899e+00  8.0598e-02  9.0558e-02  1.3777e+00  3.0026e-02  3.2338e-02  2.0749e+00  9.6389e-02  9.8828e-02  1.7328e+00  4.1784e-02  4.3188e-02  1.6829e+00  2.8382e-02  2.8953e-02
0.131826  1.2066e+00  2.7190e-02  3.0593e-02  1.3389e+00  7.7831e-02  8.7396e-02  1.3323e+00  2.9062e-02  3.1250e-02  2.0089e+00  9.2679e-02  9.5002e-02  1.6644e+00  4.0613e-02  4.1980e-02  1.5808e+00  2.7463e-02  2.8080e-02
0.138038  1.1287e+00  2.6231e-02  2.9467e-02  1.2880e+00  7.5083e-02  8.4198e-02  1.2870e+00  2.8120e-02  3.0145e-02  1.9410e+00  8.9194e-02  9.1373e-02  1.5963e+00  3.9538e-02  4.0836e-02  1.4816e+00  2.6496e-02  2.7182e-02
0.144544  1.0532e+00  2.5247e-02  2.8256e-02  1.2373e+00  7.2275e-02  8.1044e-02  1.2419e+00  2.7204e-02  2.9018e-02  1.8715e+00  8.5884e-02  8.7962e-02  1.5287e+00  3.8461e-02  3.9761e-02  1.3855e+00  2.5511e-02  2.6163e-02
0.151356  9.7999e-01  2.4240e-02  2.6994e-02  1.1867e+00  6.9506e-02  7.7860e-02  1.1971e+00  2.6264e-02  2.7916e-02  1.8003e+00  8.2727e-02  8.4730e-02  1.4616e+00  3.7425e-02  3.8628e-02  1.2925e+00  2.4424e-02  2.5086e-02
0.158489  9.0912e-01  2.3202e-02  2.5709e-02  1.1365e+00  6.6732e-02  7.4705e-02  1.1525e+00  2.5301e-02  2.6833e-02  1.7278e+00  7.9733e-02  8.1638e-02  1.3948e+00  3.6344e-02  3.7513e-02  1.2025e+00  2.3260e-02  2.3941e-02
0.165959  8.4066e-01  2.2130e-02  2.4418e-02  1.0866e+00  6.3967e-02  7.1579e-02  1.1083e+00  2.4333e-02  2.5744e-02  1.6541e+00  7.6867e-02  7.8658e-02  1.3285e+00  3.5233e-02  3.6373e-02  1.1158e+00  2.2052e-02  2.2732e-02
0.17378  7.7465e-01  2.1045e-02  2.3127e-02  1.0372e+00  6.1238e-02  6.8462e-02  1.0645e+00  2.3353e-02  2.4663e-02  1.5794e+00  7.4087e-02  7.5774e-02  1.2627e+00  3.4130e-02  3.5179e-02  1.0322e+00  2.0824e-02  2.1483e-02
0.18197  7.1121e-01  1.9962e-02  2.1833e-02  9.8831e-01  5.8520e-02  6.5394e-02  1.0210e+00  2.2357e-02  2.3594e-02  1.5039e+00  7.1343e-02  7.2995e-02  1.1974e+00  3.2981e-02  3.4002e-02  9.5197e-01  1.9601e-02  2.0217e-02
0.190546  6.5044e-01  1.8881e-02  2.0539e-02  9.4003e-01  5.5824e-02  6.2378e-02  9.7798e-01  2.1363e-02  2.2523e-02  1.4281e+00  6.8629e-02  7.0285e-02  1.1327e+00  3.1837e-02  3.2808e-02  8.7501e-01  1.8402e-02  1.8971e-02
0.199526  5.9250e-01  1.7796e-02  1.9249e-02  8.9245e-01  5.3169e-02  5.9405e-02  9.3539e-01  2.0374e-02  2.1463e-02  1.3520e+00  6.5986e-02  6.7549e-02  1.0685e+00  3.0724e-02  3.1589e-02  8.0145e-01  1.7254e-02  1.7763e-02
0.20893  5.3751e-01  1.6699e-02  1.7970e-02  8.4561e-01  5.0547e-02  5.6490e-02  8.9326e-01  1.9390e-02  2.0429e-02  1.2760e+00  6.3353e-02  6.4827e-02  1.0050e+00  2.9591e-02  3.0405e-02  7.3128e-01  1.6168e-02  1.6617e-02
0.218776  4.8566e-01  1.5592e-02  1.6699e-02  7.9958e-01  4.7976e-02  5.3627e-02  8.5161e-01  1.8421e-02  1.9421e-02  1.2004e+00  6.0667e-02  6.2142e-02  9.4217e-01  2.8474e-02  2.9219e-02  6.6459e-01  1.5141e-02  1.5558e-02
0.229087  4.3705e-01  1.4482e-02  1.5450e-02  7.5443e-01  4.5452e-02  5.0828e-02  8.1043e-01  1.7473e-02  1.8445e-02  1.1255e+00  5.7967e-02  5.9449e-02  8.8017e-01  2.7369e-02  2.8040e-02  6.0136e-01  1.4176e-02  1.4588e-02
0.239883  3.9185e-01  1.3387e-02  1.4230e-02  7.1022e-01  4.2984e-02  4.8091e-02  7.6976e-01  1.6560e-02  1.7500e-02  1.0516e+00  5.5249e-02  5.6736e-02  8.1909e-01  2.6262e-02  2.6866e-02  5.4168e-01  1.3285e-02  1.3679e-02
0.251189  3.5009e-01  1.2327e-02  1.3063e-02  6.6700e-01  4.0575e-02  4.5420e-02  7.2958e-01  1.5674e-02  1.6597e-02  9.7902e-01  5.2532e-02  5.3980e-02  7.5900e-01  2.5153e-02  2.5688e-02  4.8552e-01  1.2451e-02  1.2828e-02
0.263027  3.1183e-01  1.1320e-02  1.1975e-02  6.2482e-01  3.8222e-02  4.2823e-02  6.8992e-01  1.4826e-02  1.5723e-02  9.0804e-01  4.9784e-02  5.1218e-02  7.0005e-01  2.4035e-02  2.4496e-02  4.3294e-01  1.1662e-02  1.2010e-02
0.275423  2.7700e-01  1.0382e-02  1.0991e-02  5.8373e-01  3.5935e-02  4.0295e-02  6.5079e-01  1.4004e-02  1.4890e-02  8.3895e-01  4.7012e-02  4.8450e-02  6.4236e-01  2.2888e-02  2.3299e-02  3.8390e-01  1.0896e-02  1.1219e-02
0.288403  2.4552e-01  9.5393e-03  1.0119e-02  5.4379e-01  3.3711e-02  3.7842e-02  6.1222e-01  1.3216e-02  1.4086e-02  7.7202e-01  4.4230e-02  4.5676e-02  5.8610e-01  2.1723e-02  2.2087e-02  3.3839e-01  1.0132e-02  1.0455e-02
0.301995  2.1720e-01  8.7916e-03  9.3603e-03  5.0505e-01  3.1562e-02  3.5458e-02  5.7424e-01  1.2454e-02  1.3301e-02  7.0751e-01  4.1461e-02  4.2892e-02  5.3143e-01  2.0513e-02  2.0885e-02  2.9640e-01  9.3844e-03  9.6877e-03
0.316228  1.9181e-01  8.1328e-03  8.7011e-03  4.6755e-01  2.9478e-02  3.3153e-02  5.3688e-01  1.1717e-02  1.2535e-02  6.4562e-01  3.8690e-02  4.0122e-02  4.7853e-01  1.9287e-02  1.9672e-02  2.5787e-01  8.6414e-03  8.9325e-03
0.331131  1.6909e-01  7.5517e-03  8.1164e-03  4.3136e-01  2.7465e-02  3.0927e-02  5.0021e-01  1.0986e-02  1.1796e-02  5.8660e-01  3.5942e-02  3.7361e-02  4.2761e-01  1.8046e-02  1.8461e-02  2.2274e-01  7.9053e-03  8.1927e-03
0.346737  1.4873e-01  7.0298e-03  7.5782e-03  3.9654e-01  2.5530e-02  2.8774e-02  4.6430e-01  1.0275e-02  1.1069e-02  5.3059e-01  3.3218e-02  3.4630e-02  3.7888e-01  1.6818e-02  1.7251e-02  1.9092e-01  7.1944e-03  7.4683e-03
0.363078  1.3046e-01  6.5518e-03  7.0631e-03  3.6314e-01  2.3668e-02  2.6703e-02  4.2922e-01  9.5754e-03  1.0366e-02  4.7775e-01  3.0527e-02  3.1935e-02  3.3257e-01  1.5622e-02  1.6042e-02  1.6232e-01  6.5148e-03  6.7706e-03
0.380189  1.1397e-01  6.1004e-03  6.5605e-03  3.3121e-01  2.1876e-02  2.4717e-02  3.9507e-01  8.9059e-03  9.6737e-03  4.2817e-01  2.7896e-02  2.9265e-02  2.8890e-01  1.4466e-02  1.4848e-02  1.3680e-01  5.8775e-03  6.1074e-03
0.398107  9.9062e-02  5.6635e-03  6.0680e-03  3.0082e-01  2.0160e-02  2.2808e-02  3.6194e-01  8.2583e-03  9.0070e-03  3.8192e-01  2.5309e-02  2.6654e-02  2.4808e-01  1.3331e-02  1.3696e-02  1.1423e-01  5.2750e-03  5.4974e-03
0.416869  8.5543e-02  5.2403e-03  5.5751e-03  2.7201e-01  1.8517e-02  2.0982e-02  3.2993e-01  7.6320e-03  8.3759e-03  3.3903e-01  2.2795e-02  2.4096e-02  2.1032e-01  1.2224e-02  1.2589e-02  9.4453e-02  4.7196e-03  4.9390e-03
0.436516  7.3269e-02  4.8162e-03  5.0929e-03  2.4481e-01  1.6945e-02  1.9236e-02  2.9914e-01  7.0506e-03  7.7620e-03  2.9946e-01  2.0361e-02  2.1608e-02  1.7579e-01  1.1145e-02  1.1524e-02  7.7270e-02  4.2133e-03  4.4351e-03
0.457088  6.2153e-02  4.3868e-03  4.6203e-03  2.1925e-01  1.5449e-02  1.7564e-02  2.6966e-01  6.4955e-03  7.1874e-03  2.6316e-01  1.8022e-02  1.9209e-02  1.4462e-01  1.0096e-02  1.0491e-02  6.2495e-02  3.7595e-03  3.9832e-03
0.47863  5.2144e-02  3.9460e-03  4.1569e-03  1.9534e-01  1.4018e-02  1.5976e-02  2.4158e-01  5.9722e-03  6.6413e-03  2.3003e-01  1.5803e-02  1.6904e-02  1.1691e-01  9.0705e-03  9.4877e-03  4.9931e-02  3.3574e-03  3.5785e-03
0.501187  4.3203e-02  3.4971e-03  3.6971e-03  1.7307e-01  1.2657e-02  1.4459e-02  2.1496e-01  5.4798e-03  6.1214e-03  1.9991e-01  1.3713e-02  1.4727e-02  9.2655e-02  8.0593e-03  8.5167e-03  3.9356e-02  3.0054e-03  3.2138e-03
0.524807  3.5309e-02  3.0523e-03  3.2327e-03  1.5242e-01  1.1362e-02  1.3019e-02  1.8986e-01  5.0136e-03  5.6207e-03  1.7263e-01  1.1781e-02  1.2690e-02  7.1827e-02  7.0735e-03  7.5690e-03  3.0559e-02  2.6952e-03  2.8816e-03
0.549541  2.8439e-02  2.6161e-03  2.7692e-03  1.3336e-01  1.0135e-02  1.1647e-02  1.6632e-01  4.5658e-03  5.1363e-03  1.4801e-01  1.0035e-02  1.0819e-02  5.4314e-02  6.1145e-03  6.6455e-03  2.3338e-02  2.4135e-03  2.5751e-03
0.57544  2.2556e-02  2.1971e-03  2.3198e-03  1.1580e-01  8.9655e-03  1.0351e-02  1.4435e-01  4.1279e-03  4.6659e-03  1.2583e-01  8.4863e-03  9.1444e-03  3.9916e-02  5.1945e-03  5.7454e-03  1.7486e-02  2.1472e-03  2.2863e-03
0.60256  1.7614e-02  1.8058e-03  1.9039e-03  9.9699e-02  7.8649e-03  9.1193e-03  1.2395e-01  3.7009e-03  4.1985e-03  1.0588e-01  7.1610e-03  7.6880e-03  2.8390e-02  4.3216e-03  4.8751e-03  1.2815e-02  1.8861e-03  2.0082e-03
0.630957  1.3546e-02  1.4567e-03  1.5370e-03  8.4964e-02  6.8265e-03  7.9566e-03  1.0513e-01  3.2769e-03  3.7370e-03  8.7965e-02  6.0637e-03  6.4742e-03  1.9445e-02  3.4963e-03  4.0416e-03  9.1544e-03  1.6226e-03  1.7361e-03
0.660693  1.0262e-02  1.1633e-03  1.2318e-03  7.1505e-02  5.8541e-03  6.8582e-03  8.7835e-02  2.8622e-03  3.2754e-03  7.1891e-02  5.1964e-03  5.5062e-03  1.2723e-02  2.7259e-03  3.2590e-03  6.3365e-03  1.3574e-03  1.4675e-03
0.691831  7.6669e-03  9.3105e-04  9.9068e-04  5.9236e-02  4.9487e-03  5.8267e-03  7.2048e-02  2.4495e-03  2.8241e-03  5.7514e-02  4.5317e-03  4.7726e-03  7.8819e-03  2.0275e-03  2.5255e-03  4.2233e-03  1.0938e-03  1.2035e-03
0.724436  5.6475e-03  7.5242e-04  8.0500e-04  4.8075e-02  4.1183e-03  4.8649e-03  5.7734e-02  2.0514e-03  2.3878e-03  4.4723e-02  4.0196e-03  4.2256e-03  4.5595e-03  1.4174e-03  1.8553e-03  2.6838e-03  8.3993e-04  9.4832e-04
0.758578  4.0932e-03  6.1123e-04  6.5746e-04  3.7951e-02  3.3697e-03  3.9882e-03  4.4860e-02  1.6859e-03  1.9842e-03  3.3451e-02  3.5912e-03  3.7855e-03  2.4176e-03  9.1002e-04  1.2660e-03  1.6043e-03  6.0539e-04  7.0840e-04
0.794328  2.8984e-03  4.9057e-04  5.3038e-04  2.8809e-02  2.7191e-03  3.2114e-03  3.3404e-02  1.3791e-03  1.6397e-03  2.3683e-02  3.1618e-03  3.3639e-03  1.1402e-03  5.1802e-04  7.7792e-04  8.8265e-04  4.0037e-04  4.9210e-04
0.831764  1.9766e-03  3.7926e-04  4.1230e-04  2.0627e-02  2.1742e-03  2.5553e-03  2.3369e-02  1.1502e-03  1.3876e-03  1.5453e-02  2.6586e-03  2.8727e-03  4.5972e-04  2.4659e-04  4.0935e-04  4.3256e-04  2.3392e-04  3.0775e-04
0.870964  1.2597e-03  2.7282e-04  2.9830e-04  1.3430e-02  1.7233e-03  2.0132e-03  1.4797e-02  9.8630e-04  1.2292e-03  8.8476e-03  2.0303e-03  2.2502e-03  1.4741e-04  8.7785e-05  1.6824e-04  1.7689e-04  1.1246e-04  1.6331e-04
0.912011  7.0398e-04  1.7109e-04  1.8820e-04  7.3177e-03  1.2931e-03  1.5217e-03  7.7926e-03  8.3329e-04  1.0629e-03  3.9813e-03  1.2717e-03  1.4738e-03  3.4897e-05  1.8859e-05  4.4400e-05  5.3291e-05  3.8018e-05  6.4330e-05
0.954993  2.8037e-04  7.6031e-05  8.4130e-05  2.5572e-03  7.3867e-04  8.9896e-04  2.6051e-03  5.3823e-04  7.0296e-04  9.9388e-04  4.8012e-04  6.0900e-04  4.4842e-06  1.4246e-06  3.8618e-06  7.5909e-06  5.4179e-06  1.2289e-05
1  3.8168e-22  1.6565e-19  1.8239e-19  2.4640e-19  3.2607e-18  3.4195e-19 -5.2719e-21  1.5526e-18  1.3257e-18  5.7508e-20  1.1166e-18  4.3275e-19  2.4400e-22  4.1478e-21  3.0414e-21 -7.6767e-22  2.4533e-21  1.0628e-20

